<?xml version="1.0" encoding="UTF-8"?>
<!-- Generated by org.testng.reporters.JUnitReportReporter -->
<testsuite hostname="EPBYMINW1906" name="LoginTest" tests="1" failures="0" timestamp="15 Jun 2015 07:29:01 GMT" time="22.917" errors="0">
  <testcase name="checkoutTest" time="22.917" classname="LoginTest"/>
</testsuite> <!-- LoginTest -->
