<?xml version="1.0" encoding="UTF-8"?>
<!-- Generated by org.testng.reporters.JUnitReportReporter -->
<testsuite hostname="EPBYMINW1906" name="CheckoutTest" tests="1" failures="0" timestamp="18 May 2015 13:02:29 GMT" time="68.799" errors="0">
  <testcase name="checkoutTest" time="68.799" classname="CheckoutTest"/>
</testsuite> <!-- CheckoutTest -->
