<?xml version="1.0" encoding="UTF-8"?>
<!-- Generated by org.testng.reporters.JUnitReportReporter -->
<testsuite hostname="EPBYMINW1906" name="tests.old.Login_old" tests="1" failures="0" timestamp="11 May 2015 10:07:29 GMT" time="46.471" errors="0">
  <testcase name="loginByUser" time="46.471" classname="tests.old.Login_old"/>
</testsuite> <!-- tests.old.Login_old -->
