<?xml version="1.0" encoding="UTF-8"?>
<!-- Generated by org.testng.reporters.JUnitReportReporter -->
<testsuite hostname="EPBYMINW1906" name="tests.CheckoutTest" tests="1" failures="0" timestamp="18 Jun 2015 09:24:35 GMT" time="69.360" errors="0">
  <testcase name="checkoutTest" time="69.360" classname="tests.CheckoutTest"/>
</testsuite> <!-- tests.CheckoutTest -->
