<?xml version="1.0" encoding="UTF-8"?>
<!-- Generated by org.testng.reporters.JUnitReportReporter -->
<testsuite hostname="EPBYMINW1906" name="CheckoutTest" tests="1" failures="0" timestamp="22 May 2015 06:55:08 GMT" time="121.056" errors="0">
  <testcase name="checkoutTest" time="121.056" classname="CheckoutTest"/>
</testsuite> <!-- CheckoutTest -->
