<?xml version="1.0" encoding="UTF-8"?>
<!-- Generated by org.testng.reporters.JUnitReportReporter -->
<testsuite hostname="EPBYMINW1906" name="tests.LoginTest" tests="1" failures="0" timestamp="17 Jun 2015 12:13:50 GMT" time="11.000" errors="0">
  <testcase name="loginTest" time="11.000" classname="tests.LoginTest"/>
</testsuite> <!-- tests.LoginTest -->
