<?xml version="1.0" encoding="UTF-8"?>
<!-- Generated by org.testng.reporters.JUnitReportReporter -->
<testsuite hostname="EPBYMINW1906" name="Checkout" tests="1" failures="0" timestamp="15 May 2015 08:26:17 GMT" time="63.749" errors="0">
  <testcase name="checkout" time="63.749" classname="Checkout"/>
</testsuite> <!-- Checkout -->
