<?xml version="1.0" encoding="UTF-8"?>
<!-- Generated by org.testng.reporters.JUnitReportReporter -->
<testsuite hostname="EPBYMINW1906" name="CheckoutTest" tests="1" failures="0" timestamp="14 May 2015 09:51:41 GMT" time="17.715" errors="0">
  <testcase name="checkoutTest" time="17.715" classname="CheckoutTest"/>
</testsuite> <!-- CheckoutTest -->
