<?xml version="1.0" encoding="UTF-8"?>
<!-- Generated by org.testng.reporters.JUnitReportReporter -->
<testsuite hostname="EPBYMINW1906" name="Checkout" tests="1" failures="0" timestamp="14 May 2015 12:59:31 GMT" time="62.980" errors="0">
  <testcase name="checkout" time="62.980" classname="Checkout"/>
</testsuite> <!-- Checkout -->
