<?xml version="1.0" encoding="UTF-8"?>
<!-- Generated by org.testng.reporters.JUnitReportReporter -->
<testsuite hostname="EPBYMINW1906" name="CheckoutTest" tests="1" failures="0" timestamp="21 May 2015 17:14:20 GMT" time="56.452" errors="0">
  <testcase name="checkoutTest" time="56.452" classname="CheckoutTest"/>
</testsuite> <!-- CheckoutTest -->
