<?xml version="1.0" encoding="UTF-8"?>
<!-- Generated by org.testng.reporters.JUnitReportReporter -->
<testsuite hostname="EPBYMINW1906" name="CheckoutTest" tests="2" failures="0" timestamp="9 Jun 2015 08:10:52 GMT" time="158.673" errors="0">
  <testcase name="checkoutTest" time="83.644" classname="CheckoutTest"/>
  <testcase name="checkoutTest" time="75.029" classname="CheckoutTest"/>
</testsuite> <!-- CheckoutTest -->
