<?xml version="1.0" encoding="UTF-8"?>
<!-- Generated by org.testng.reporters.JUnitReportReporter -->
<testsuite hostname="EPBYMINW1906" name="ServicesTest" tests="5" failures="0" timestamp="23 Apr 2015 14:19:56 GMT" time="0.010" errors="0">
  <testcase name="firstTest" time="0.001" classname="ServicesTest"/>
  <testcase name="secondtTest" time="0.001" classname="ServicesTest"/>
  <testcase name="fourthTest" time="0.001" classname="ServicesTest"/>
  <testcase name="thirdTest" time="0.000" classname="ServicesTest"/>
  <testcase name="fifthTest" time="0.007" classname="ServicesTest"/>
</testsuite> <!-- ServicesTest -->
