<?xml version="1.0" encoding="UTF-8"?>
<!-- Generated by org.testng.reporters.JUnitReportReporter -->
<testsuite hostname="Serg" name="FileCheckerTest" tests="1" failures="0" timestamp="26 Apr 2015 21:50:05 GMT" time="0.021" errors="0">
  <testcase name="checkFileTest" time="0.021" classname="FileCheckerTest"/>
</testsuite> <!-- FileCheckerTest -->
