<?xml version="1.0" encoding="UTF-8"?>
<!-- Generated by org.testng.reporters.JUnitReportReporter -->
<testsuite hostname="EPBYMINW1906" name="FinderTest" tests="5" failures="0" timestamp="27 Apr 2015 09:32:47 GMT" time="0.000" errors="0">
  <testcase name="findByDescTypeTest" time="0.000" classname="FinderTest"/>
  <testcase name="findByPriceExceptionTest" time="0.000" classname="FinderTest"/>
  <testcase name="findByFoodTest" time="0.000" classname="FinderTest"/>
  <testcase name="findByTransportTest" time="0.000" classname="FinderTest"/>
  <testcase name="findByPriceTest" time="0.000" classname="FinderTest"/>
</testsuite> <!-- FinderTest -->
