<?xml version="1.0" encoding="UTF-8"?>
<!-- Generated by org.testng.reporters.JUnitReportReporter -->
<testsuite hostname="Serg" name="TestOne" tests="1" failures="0" timestamp="22 Apr 2015 20:46:16 GMT" time="0.013" errors="0">
  <testcase name="metOne" time="0.013" classname="TestOne"/>
</testsuite> <!-- TestOne -->
