<?xml version="1.0" encoding="UTF-8"?>
<!-- Generated by org.testng.reporters.JUnitReportReporter -->
<testsuite hostname="EPBYMINW1906" name="FileCheckerTest" tests="1" failures="0" timestamp="5 May 2015 08:48:56 GMT" time="0.010" errors="0">
  <testcase name="prepareFileTest" time="0.010" classname="FileCheckerTest"/>
</testsuite> <!-- FileCheckerTest -->
