<?xml version="1.0" encoding="UTF-8"?>
<!-- Generated by org.testng.reporters.JUnitReportReporter -->
<testsuite hostname="EPBYMINW1906" name="TestOne" tests="1" failures="0" timestamp="23 Apr 2015 14:14:47 GMT" time="0.001" errors="0">
  <testcase name="metOne" time="0.001" classname="TestOne"/>
</testsuite> <!-- TestOne -->
