<?xml version="1.0" encoding="UTF-8"?>
<!-- Generated by org.testng.reporters.JUnitReportReporter -->
<testsuite hostname="EPBYMINW1906" name="ReaderTest" tests="1" failures="0" timestamp="27 Apr 2015 09:32:47 GMT" time="0.002" errors="0">
  <testcase name="readAllTest" time="0.002" classname="ReaderTest"/>
</testsuite> <!-- ReaderTest -->
