<?xml version="1.0" encoding="UTF-8"?>
<!-- Generated by org.testng.reporters.JUnitReportReporter -->
<testsuite hostname="Serg" name="FinderTest" tests="5" failures="0" timestamp="26 Apr 2015 20:17:27 GMT" time="0.015" errors="0">
  <testcase name="findByPriceExceptionTest" time="0.001" classname="FinderTest"/>
  <testcase name="findByFoodTest" time="0.001" classname="FinderTest"/>
  <testcase name="findByDescTypeTest" time="0.012" classname="FinderTest"/>
  <testcase name="findByTransportTest" time="0.000" classname="FinderTest"/>
  <testcase name="findByPriceTest" time="0.001" classname="FinderTest"/>
</testsuite> <!-- FinderTest -->
