<?xml version="1.0" encoding="UTF-8"?>
<!-- Generated by org.testng.reporters.JUnitReportReporter -->
<testsuite hostname="EPBYMINW1906" name="FileCheckerTest" tests="1" failures="0" timestamp="27 Apr 2015 09:34:45 GMT" time="0.009" errors="0">
  <testcase name="checkFileTest" time="0.009" classname="FileCheckerTest"/>
</testsuite>
