<?xml version="1.0" encoding="UTF-8"?>
<!-- Generated by org.testng.reporters.JUnitReportReporter -->
<testsuite hostname="EPBYMINW1906" name="SorterTest" tests="4" failures="0" timestamp="4 May 2015 14:53:56 GMT" time="0.004" errors="0">
  <testcase name="sortByTest" time="0.000" classname="SorterTest"/>
  <testcase name="sortByTest" time="0.001" classname="SorterTest"/>
  <testcase name="sortByTest" time="0.003" classname="SorterTest"/>
  <testcase name="sortByTest" time="0.000" classname="SorterTest"/>
</testsuite>
