<?xml version="1.0" encoding="UTF-8"?>
<!-- Generated by org.testng.reporters.JUnitReportReporter -->
<testsuite hostname="EPBYMINW1906" name="ReaderTest" tests="1" failures="0" timestamp="4 May 2015 14:53:56 GMT" time="0.001" errors="0">
  <testcase name="readAllTest" time="0.001" classname="ReaderTest"/>
</testsuite>
